<?xml version="1.0" encoding="UTF-8"?>
<testsuite xmlns:xsi="http://www.w3.org/2001/XMLSchema-instance" xsi:noNamespaceSchemaLocation="https://maven.apache.org/surefire/maven-surefire-plugin/xsd/surefire-test-report.xsd" name="edu.berkeley.cs186.database.recovery.TestRecoveryManager" time="1.455" tests="20" errors="6" skipped="0" failures="10">
  <properties>
[...]
</properties>
  <testcase name="testSimpleLogPageWrite" classname="edu.berkeley.cs186.database.recovery.TestRecoveryManager" time="0.413"/>
  <testcase name="testSimpleSavepoint" classname="edu.berkeley.cs186.database.recovery.TestRecoveryManager" time="0.121">
    <error message="cannot undo this record: BeginCheckpointLogRecord{maxTransNum=0, LSN=9}" type="java.lang.UnsupportedOperationException">java.lang.UnsupportedOperationException: cannot undo this record: BeginCheckpointLogRecord{maxTransNum=0, LSN=9}
	at edu.berkeley.cs186.database.recovery.LogRecord.undo(LogRecord.java:146)
	at edu.berkeley.cs186.database.recovery.ARIESRecoveryManager.rollbackToSavepoint(ARIESRecoveryManager.java:436)
	at edu.berkeley.cs186.database.recovery.TestRecoveryManager.testSimpleSavepoint(TestRecoveryManager.java:301)
	at sun.reflect.NativeMethodAccessorImpl.invoke0(Native Method)
	at sun.reflect.NativeMethodAccessorImpl.invoke(NativeMethodAccessorImpl.java:62)
	at sun.reflect.DelegatingMethodAccessorImpl.invoke(DelegatingMethodAccessorImpl.java:43)
	at java.lang.reflect.Method.invoke(Method.java:498)
	at org.junit.runners.model.FrameworkMethod$1.runReflectiveCall(FrameworkMethod.java:50)
	at org.junit.internal.runners.model.ReflectiveCallable.run(ReflectiveCallable.java:12)
	at org.junit.runners.model.FrameworkMethod.invokeExplosively(FrameworkMethod.java:47)
	at org.junit.internal.runners.statements.InvokeMethod.evaluate(InvokeMethod.java:17)
	at org.junit.internal.runners.statements.RunBefores.evaluate(RunBefores.java:26)
	at org.junit.internal.runners.statements.RunAfters.evaluate(RunAfters.java:27)
	at org.junit.internal.runners.statements.FailOnTimeout$CallableStatement.call(FailOnTimeout.java:298)
	at org.junit.internal.runners.statements.FailOnTimeout$CallableStatement.call(FailOnTimeout.java:292)
	at java.util.concurrent.FutureTask.run(FutureTask.java:266)
	at java.lang.Thread.run(Thread.java:748)
</error>
  </testcase>
  <testcase name="testAnalysisCheckpoints1" classname="edu.berkeley.cs186.database.recovery.TestRecoveryManager" time="0.101">
    <failure message="expected:&lt;{10000000001=515, 10000000003=272, 10000000005=194, 10000000007=384, 10000000006=81}&gt; but was:&lt;{}&gt;" type="java.lang.AssertionError"><![CDATA[java.lang.AssertionError: expected:<{10000000001=515, 10000000003=272, 10000000005=194, 10000000007=384, 10000000006=81}> but was:<{}>
	at org.junit.Assert.fail(Assert.java:88)
	at org.junit.Assert.failNotEquals(Assert.java:834)
	at org.junit.Assert.assertEquals(Assert.java:118)
	at org.junit.Assert.assertEquals(Assert.java:144)
	at edu.berkeley.cs186.database.recovery.TestRecoveryManager.testAnalysisCheckpoints1(TestRecoveryManager.java:1208)
	at sun.reflect.NativeMethodAccessorImpl.invoke0(Native Method)
	at sun.reflect.NativeMethodAccessorImpl.invoke(NativeMethodAccessorImpl.java:62)
	at sun.reflect.DelegatingMethodAccessorImpl.invoke(DelegatingMethodAccessorImpl.java:43)
	at java.lang.reflect.Method.invoke(Method.java:498)
	at org.junit.runners.model.FrameworkMethod$1.runReflectiveCall(FrameworkMethod.java:50)
	at org.junit.internal.runners.model.ReflectiveCallable.run(ReflectiveCallable.java:12)
	at org.junit.runners.model.FrameworkMethod.invokeExplosively(FrameworkMethod.java:47)
	at org.junit.internal.runners.statements.InvokeMethod.evaluate(InvokeMethod.java:17)
	at org.junit.internal.runners.statements.RunBefores.evaluate(RunBefores.java:26)
	at org.junit.internal.runners.statements.RunAfters.evaluate(RunAfters.java:27)
	at org.junit.internal.runners.statements.FailOnTimeout$CallableStatement.call(FailOnTimeout.java:298)
	at org.junit.internal.runners.statements.FailOnTimeout$CallableStatement.call(FailOnTimeout.java:292)
	at java.util.concurrent.FutureTask.run(FutureTask.java:266)
	at java.lang.Thread.run(Thread.java:748)
]]></failure>
  </testcase>
  <testcase name="testAnalysisCheckpoints2" classname="edu.berkeley.cs186.database.recovery.TestRecoveryManager" time="0.109">
    <error type="java.util.NoSuchElementException">java.util.NoSuchElementException
	at edu.berkeley.cs186.database.common.iterator.IndexBacktrackingIterator.next(IndexBacktrackingIterator.java:45)
	at edu.berkeley.cs186.database.common.iterator.ConcatBacktrackingIterator.next(ConcatBacktrackingIterator.java:42)
	at edu.berkeley.cs186.database.recovery.TestRecoveryManager.testAnalysisCheckpoints2(TestRecoveryManager.java:1360)
	at sun.reflect.NativeMethodAccessorImpl.invoke0(Native Method)
	at sun.reflect.NativeMethodAccessorImpl.invoke(NativeMethodAccessorImpl.java:62)
	at sun.reflect.DelegatingMethodAccessorImpl.invoke(DelegatingMethodAccessorImpl.java:43)
	at java.lang.reflect.Method.invoke(Method.java:498)
	at org.junit.runners.model.FrameworkMethod$1.runReflectiveCall(FrameworkMethod.java:50)
	at org.junit.internal.runners.model.ReflectiveCallable.run(ReflectiveCallable.java:12)
	at org.junit.runners.model.FrameworkMethod.invokeExplosively(FrameworkMethod.java:47)
	at org.junit.internal.runners.statements.InvokeMethod.evaluate(InvokeMethod.java:17)
	at org.junit.internal.runners.statements.RunBefores.evaluate(RunBefores.java:26)
	at org.junit.internal.runners.statements.RunAfters.evaluate(RunAfters.java:27)
	at org.junit.internal.runners.statements.FailOnTimeout$CallableStatement.call(FailOnTimeout.java:298)
	at org.junit.internal.runners.statements.FailOnTimeout$CallableStatement.call(FailOnTimeout.java:292)
	at java.util.concurrent.FutureTask.run(FutureTask.java:266)
	at java.lang.Thread.run(Thread.java:748)
</error>
  </testcase>
  <testcase name="testEnd" classname="edu.berkeley.cs186.database.recovery.TestRecoveryManager" time="0.06">
    <failure message="expected:&lt;18&gt; but was:&lt;14&gt;" type="java.lang.AssertionError"><![CDATA[java.lang.AssertionError: expected:<18> but was:<14>
	at org.junit.Assert.fail(Assert.java:88)
	at org.junit.Assert.failNotEquals(Assert.java:834)
	at org.junit.Assert.assertEquals(Assert.java:645)
	at org.junit.Assert.assertEquals(Assert.java:631)
	at edu.berkeley.cs186.database.recovery.TestRecoveryManager.testEnd(TestRecoveryManager.java:192)
	at sun.reflect.NativeMethodAccessorImpl.invoke0(Native Method)
	at sun.reflect.NativeMethodAccessorImpl.invoke(NativeMethodAccessorImpl.java:62)
	at sun.reflect.DelegatingMethodAccessorImpl.invoke(DelegatingMethodAccessorImpl.java:43)
	at java.lang.reflect.Method.invoke(Method.java:498)
	at org.junit.runners.model.FrameworkMethod$1.runReflectiveCall(FrameworkMethod.java:50)
	at org.junit.internal.runners.model.ReflectiveCallable.run(ReflectiveCallable.java:12)
	at org.junit.runners.model.FrameworkMethod.invokeExplosively(FrameworkMethod.java:47)
	at org.junit.internal.runners.statements.InvokeMethod.evaluate(InvokeMethod.java:17)
	at org.junit.internal.runners.statements.RunBefores.evaluate(RunBefores.java:26)
	at org.junit.internal.runners.statements.RunAfters.evaluate(RunAfters.java:27)
	at org.junit.internal.runners.statements.FailOnTimeout$CallableStatement.call(FailOnTimeout.java:298)
	at org.junit.internal.runners.statements.FailOnTimeout$CallableStatement.call(FailOnTimeout.java:292)
	at java.util.concurrent.FutureTask.run(FutureTask.java:266)
	at java.lang.Thread.run(Thread.java:748)
]]></failure>
  </testcase>
  <testcase name="testFlushingRollback" classname="edu.berkeley.cs186.database.recovery.TestRecoveryManager" time="0.059">
    <error message="cannot undo this record: BeginCheckpointLogRecord{maxTransNum=0, LSN=9}" type="java.lang.UnsupportedOperationException">java.lang.UnsupportedOperationException: cannot undo this record: BeginCheckpointLogRecord{maxTransNum=0, LSN=9}
	at edu.berkeley.cs186.database.recovery.LogRecord.undo(LogRecord.java:146)
	at edu.berkeley.cs186.database.recovery.ARIESRecoveryManager.rollbackToSavepoint(ARIESRecoveryManager.java:436)
	at edu.berkeley.cs186.database.recovery.TestRecoveryManager.testFlushingRollback(TestRecoveryManager.java:1044)
	at sun.reflect.NativeMethodAccessorImpl.invoke0(Native Method)
	at sun.reflect.NativeMethodAccessorImpl.invoke(NativeMethodAccessorImpl.java:62)
	at sun.reflect.DelegatingMethodAccessorImpl.invoke(DelegatingMethodAccessorImpl.java:43)
	at java.lang.reflect.Method.invoke(Method.java:498)
	at org.junit.runners.model.FrameworkMethod$1.runReflectiveCall(FrameworkMethod.java:50)
	at org.junit.internal.runners.model.ReflectiveCallable.run(ReflectiveCallable.java:12)
	at org.junit.runners.model.FrameworkMethod.invokeExplosively(FrameworkMethod.java:47)
	at org.junit.internal.runners.statements.InvokeMethod.evaluate(InvokeMethod.java:17)
	at org.junit.internal.runners.statements.RunBefores.evaluate(RunBefores.java:26)
	at org.junit.internal.runners.statements.RunAfters.evaluate(RunAfters.java:27)
	at org.junit.internal.runners.statements.FailOnTimeout$CallableStatement.call(FailOnTimeout.java:298)
	at org.junit.internal.runners.statements.FailOnTimeout$CallableStatement.call(FailOnTimeout.java:292)
	at java.util.concurrent.FutureTask.run(FutureTask.java:266)
	at java.lang.Thread.run(Thread.java:748)
</error>
  </testcase>
  <testcase name="testAbort" classname="edu.berkeley.cs186.database.recovery.TestRecoveryManager" time="0.026"/>
  <testcase name="testSimpleCheckpoint" classname="edu.berkeley.cs186.database.recovery.TestRecoveryManager" time="0.032">
    <error type="java.lang.NullPointerException">java.lang.NullPointerException
	at edu.berkeley.cs186.database.recovery.TestRecoveryManager.testSimpleCheckpoint(TestRecoveryManager.java:344)
	at sun.reflect.NativeMethodAccessorImpl.invoke0(Native Method)
	at sun.reflect.NativeMethodAccessorImpl.invoke(NativeMethodAccessorImpl.java:62)
	at sun.reflect.DelegatingMethodAccessorImpl.invoke(DelegatingMethodAccessorImpl.java:43)
	at java.lang.reflect.Method.invoke(Method.java:498)
	at org.junit.runners.model.FrameworkMethod$1.runReflectiveCall(FrameworkMethod.java:50)
	at org.junit.internal.runners.model.ReflectiveCallable.run(ReflectiveCallable.java:12)
	at org.junit.runners.model.FrameworkMethod.invokeExplosively(FrameworkMethod.java:47)
	at org.junit.internal.runners.statements.InvokeMethod.evaluate(InvokeMethod.java:17)
	at org.junit.internal.runners.statements.RunBefores.evaluate(RunBefores.java:26)
	at org.junit.internal.runners.statements.RunAfters.evaluate(RunAfters.java:27)
	at org.junit.internal.runners.statements.FailOnTimeout$CallableStatement.call(FailOnTimeout.java:298)
	at org.junit.internal.runners.statements.FailOnTimeout$CallableStatement.call(FailOnTimeout.java:292)
	at java.util.concurrent.FutureTask.run(FutureTask.java:266)
	at java.lang.Thread.run(Thread.java:748)
</error>
  </testcase>
  <testcase name="testSimpleCommit" classname="edu.berkeley.cs186.database.recovery.TestRecoveryManager" time="0.028"/>
  <testcase name="testUndoCLR" classname="edu.berkeley.cs186.database.recovery.TestRecoveryManager" time="0.048">
    <failure message="LogRecord#redo() not called enough times" type="junit.framework.AssertionFailedError">junit.framework.AssertionFailedError: LogRecord#redo() not called enough times
	at junit.framework.Assert.fail(Assert.java:57)
	at junit.framework.Assert.assertTrue(Assert.java:22)
	at junit.framework.TestCase.assertTrue(TestCase.java:192)
	at edu.berkeley.cs186.database.recovery.TestRecoveryManager.finishRedoChecks(TestRecoveryManager.java:1489)
	at edu.berkeley.cs186.database.recovery.TestRecoveryManager.testUndoCLR(TestRecoveryManager.java:768)
	at sun.reflect.NativeMethodAccessorImpl.invoke0(Native Method)
	at sun.reflect.NativeMethodAccessorImpl.invoke(NativeMethodAccessorImpl.java:62)
	at sun.reflect.DelegatingMethodAccessorImpl.invoke(DelegatingMethodAccessorImpl.java:43)
	at java.lang.reflect.Method.invoke(Method.java:498)
	at org.junit.runners.model.FrameworkMethod$1.runReflectiveCall(FrameworkMethod.java:50)
	at org.junit.internal.runners.model.ReflectiveCallable.run(ReflectiveCallable.java:12)
	at org.junit.runners.model.FrameworkMethod.invokeExplosively(FrameworkMethod.java:47)
	at org.junit.internal.runners.statements.InvokeMethod.evaluate(InvokeMethod.java:17)
	at org.junit.internal.runners.statements.RunBefores.evaluate(RunBefores.java:26)
	at org.junit.internal.runners.statements.RunAfters.evaluate(RunAfters.java:27)
	at org.junit.internal.runners.statements.FailOnTimeout$CallableStatement.call(FailOnTimeout.java:298)
	at org.junit.internal.runners.statements.FailOnTimeout$CallableStatement.call(FailOnTimeout.java:292)
	at java.util.concurrent.FutureTask.run(FutureTask.java:266)
	at java.lang.Thread.run(Thread.java:748)
</failure>
  </testcase>
  <testcase name="testRestartAnalysis" classname="edu.berkeley.cs186.database.recovery.TestRecoveryManager" time="0.036">
    <failure type="junit.framework.AssertionFailedError">junit.framework.AssertionFailedError
	at junit.framework.Assert.fail(Assert.java:55)
	at junit.framework.Assert.assertTrue(Assert.java:22)
	at junit.framework.Assert.assertTrue(Assert.java:31)
	at junit.framework.TestCase.assertTrue(TestCase.java:201)
	at edu.berkeley.cs186.database.recovery.TestRecoveryManager.testRestartAnalysis(TestRecoveryManager.java:395)
	at sun.reflect.NativeMethodAccessorImpl.invoke0(Native Method)
	at sun.reflect.NativeMethodAccessorImpl.invoke(NativeMethodAccessorImpl.java:62)
	at sun.reflect.DelegatingMethodAccessorImpl.invoke(DelegatingMethodAccessorImpl.java:43)
	at java.lang.reflect.Method.invoke(Method.java:498)
	at org.junit.runners.model.FrameworkMethod$1.runReflectiveCall(FrameworkMethod.java:50)
	at org.junit.internal.runners.model.ReflectiveCallable.run(ReflectiveCallable.java:12)
	at org.junit.runners.model.FrameworkMethod.invokeExplosively(FrameworkMethod.java:47)
	at org.junit.internal.runners.statements.InvokeMethod.evaluate(InvokeMethod.java:17)
	at org.junit.internal.runners.statements.RunBefores.evaluate(RunBefores.java:26)
	at org.junit.internal.runners.statements.RunAfters.evaluate(RunAfters.java:27)
	at org.junit.internal.runners.statements.FailOnTimeout$CallableStatement.call(FailOnTimeout.java:298)
	at org.junit.internal.runners.statements.FailOnTimeout$CallableStatement.call(FailOnTimeout.java:292)
	at java.util.concurrent.FutureTask.run(FutureTask.java:266)
	at java.lang.Thread.run(Thread.java:748)
</failure>
  </testcase>
  <testcase name="testUndoDPTAndFlush" classname="edu.berkeley.cs186.database.recovery.TestRecoveryManager" time="0.043">
    <failure message="LogRecord#redo() not called enough times" type="junit.framework.AssertionFailedError">junit.framework.AssertionFailedError: LogRecord#redo() not called enough times
	at junit.framework.Assert.fail(Assert.java:57)
	at junit.framework.Assert.assertTrue(Assert.java:22)
	at junit.framework.TestCase.assertTrue(TestCase.java:192)
	at edu.berkeley.cs186.database.recovery.TestRecoveryManager.finishRedoChecks(TestRecoveryManager.java:1489)
	at edu.berkeley.cs186.database.recovery.TestRecoveryManager.testUndoDPTAndFlush(TestRecoveryManager.java:851)
	at sun.reflect.NativeMethodAccessorImpl.invoke0(Native Method)
	at sun.reflect.NativeMethodAccessorImpl.invoke(NativeMethodAccessorImpl.java:62)
	at sun.reflect.DelegatingMethodAccessorImpl.invoke(DelegatingMethodAccessorImpl.java:43)
	at java.lang.reflect.Method.invoke(Method.java:498)
	at org.junit.runners.model.FrameworkMethod$1.runReflectiveCall(FrameworkMethod.java:50)
	at org.junit.internal.runners.model.ReflectiveCallable.run(ReflectiveCallable.java:12)
	at org.junit.runners.model.FrameworkMethod.invokeExplosively(FrameworkMethod.java:47)
	at org.junit.internal.runners.statements.InvokeMethod.evaluate(InvokeMethod.java:17)
	at org.junit.internal.runners.statements.RunBefores.evaluate(RunBefores.java:26)
	at org.junit.internal.runners.statements.RunAfters.evaluate(RunAfters.java:27)
	at org.junit.internal.runners.statements.FailOnTimeout$CallableStatement.call(FailOnTimeout.java:298)
	at org.junit.internal.runners.statements.FailOnTimeout$CallableStatement.call(FailOnTimeout.java:292)
	at java.util.concurrent.FutureTask.run(FutureTask.java:266)
	at java.lang.Thread.run(Thread.java:748)
</failure>
  </testcase>
  <testcase name="testAbortingEnd" classname="edu.berkeley.cs186.database.recovery.TestRecoveryManager" time="0.05">
    <failure message="LogRecord#redo() not called enough times" type="junit.framework.AssertionFailedError">junit.framework.AssertionFailedError: LogRecord#redo() not called enough times
	at junit.framework.Assert.fail(Assert.java:57)
	at junit.framework.Assert.assertTrue(Assert.java:22)
	at junit.framework.TestCase.assertTrue(TestCase.java:192)
	at edu.berkeley.cs186.database.recovery.TestRecoveryManager.finishRedoChecks(TestRecoveryManager.java:1489)
	at edu.berkeley.cs186.database.recovery.TestRecoveryManager.testAbortingEnd(TestRecoveryManager.java:938)
	at sun.reflect.NativeMethodAccessorImpl.invoke0(Native Method)
	at sun.reflect.NativeMethodAccessorImpl.invoke(NativeMethodAccessorImpl.java:62)
	at sun.reflect.DelegatingMethodAccessorImpl.invoke(DelegatingMethodAccessorImpl.java:43)
	at java.lang.reflect.Method.invoke(Method.java:498)
	at org.junit.runners.model.FrameworkMethod$1.runReflectiveCall(FrameworkMethod.java:50)
	at org.junit.internal.runners.model.ReflectiveCallable.run(ReflectiveCallable.java:12)
	at org.junit.runners.model.FrameworkMethod.invokeExplosively(FrameworkMethod.java:47)
	at org.junit.internal.runners.statements.InvokeMethod.evaluate(InvokeMethod.java:17)
	at org.junit.internal.runners.statements.RunBefores.evaluate(RunBefores.java:26)
	at org.junit.internal.runners.statements.RunAfters.evaluate(RunAfters.java:27)
	at org.junit.internal.runners.statements.FailOnTimeout$CallableStatement.call(FailOnTimeout.java:298)
	at org.junit.internal.runners.statements.FailOnTimeout$CallableStatement.call(FailOnTimeout.java:292)
	at java.util.concurrent.FutureTask.run(FutureTask.java:266)
	at java.lang.Thread.run(Thread.java:748)
</failure>
  </testcase>
  <testcase name="testRestartRedo" classname="edu.berkeley.cs186.database.recovery.TestRecoveryManager" time="0.043">
    <failure message="LogRecord#redo() not called enough times" type="junit.framework.AssertionFailedError">junit.framework.AssertionFailedError: LogRecord#redo() not called enough times
	at junit.framework.Assert.fail(Assert.java:57)
	at junit.framework.Assert.assertTrue(Assert.java:22)
	at junit.framework.TestCase.assertTrue(TestCase.java:192)
	at edu.berkeley.cs186.database.recovery.TestRecoveryManager.finishRedoChecks(TestRecoveryManager.java:1489)
	at edu.berkeley.cs186.database.recovery.TestRecoveryManager.testRestartRedo(TestRecoveryManager.java:487)
	at sun.reflect.NativeMethodAccessorImpl.invoke0(Native Method)
	at sun.reflect.NativeMethodAccessorImpl.invoke(NativeMethodAccessorImpl.java:62)
	at sun.reflect.DelegatingMethodAccessorImpl.invoke(DelegatingMethodAccessorImpl.java:43)
	at java.lang.reflect.Method.invoke(Method.java:498)
	at org.junit.runners.model.FrameworkMethod$1.runReflectiveCall(FrameworkMethod.java:50)
	at org.junit.internal.runners.model.ReflectiveCallable.run(ReflectiveCallable.java:12)
	at org.junit.runners.model.FrameworkMethod.invokeExplosively(FrameworkMethod.java:47)
	at org.junit.internal.runners.statements.InvokeMethod.evaluate(InvokeMethod.java:17)
	at org.junit.internal.runners.statements.RunBefores.evaluate(RunBefores.java:26)
	at org.junit.internal.runners.statements.RunAfters.evaluate(RunAfters.java:27)
	at org.junit.internal.runners.statements.FailOnTimeout$CallableStatement.call(FailOnTimeout.java:298)
	at org.junit.internal.runners.statements.FailOnTimeout$CallableStatement.call(FailOnTimeout.java:292)
	at java.util.concurrent.FutureTask.run(FutureTask.java:266)
	at java.lang.Thread.run(Thread.java:748)
</failure>
  </testcase>
  <testcase name="testRestartUndo" classname="edu.berkeley.cs186.database.recovery.TestRecoveryManager" time="0.048">
    <failure message="LogRecord#redo() not called enough times" type="junit.framework.AssertionFailedError">junit.framework.AssertionFailedError: LogRecord#redo() not called enough times
	at junit.framework.Assert.fail(Assert.java:57)
	at junit.framework.Assert.assertTrue(Assert.java:22)
	at junit.framework.TestCase.assertTrue(TestCase.java:192)
	at edu.berkeley.cs186.database.recovery.TestRecoveryManager.finishRedoChecks(TestRecoveryManager.java:1489)
	at edu.berkeley.cs186.database.recovery.TestRecoveryManager.testRestartUndo(TestRecoveryManager.java:566)
	at sun.reflect.NativeMethodAccessorImpl.invoke0(Native Method)
	at sun.reflect.NativeMethodAccessorImpl.invoke(NativeMethodAccessorImpl.java:62)
	at sun.reflect.DelegatingMethodAccessorImpl.invoke(DelegatingMethodAccessorImpl.java:43)
	at java.lang.reflect.Method.invoke(Method.java:498)
	at org.junit.runners.model.FrameworkMethod$1.runReflectiveCall(FrameworkMethod.java:50)
	at org.junit.internal.runners.model.ReflectiveCallable.run(ReflectiveCallable.java:12)
	at org.junit.runners.model.FrameworkMethod.invokeExplosively(FrameworkMethod.java:47)
	at org.junit.internal.runners.statements.InvokeMethod.evaluate(InvokeMethod.java:17)
	at org.junit.internal.runners.statements.RunBefores.evaluate(RunBefores.java:26)
	at org.junit.internal.runners.statements.RunAfters.evaluate(RunAfters.java:27)
	at org.junit.internal.runners.statements.FailOnTimeout$CallableStatement.call(FailOnTimeout.java:298)
	at org.junit.internal.runners.statements.FailOnTimeout$CallableStatement.call(FailOnTimeout.java:292)
	at java.util.concurrent.FutureTask.run(FutureTask.java:266)
	at java.lang.Thread.run(Thread.java:748)
</failure>
  </testcase>
  <testcase name="testNestedRollback" classname="edu.berkeley.cs186.database.recovery.TestRecoveryManager" time="0.053">
    <error message="cannot undo this record: UndoUpdatePageLogRecord{transNum=9823758, pageNum=10000000001, prevLSN=30000, undoNextLSN=20000, offset=11, after=[0, 0, 0, 0, 0, 0], LSN=50000}" type="java.lang.UnsupportedOperationException">java.lang.UnsupportedOperationException: cannot undo this record: UndoUpdatePageLogRecord{transNum=9823758, pageNum=10000000001, prevLSN=30000, undoNextLSN=20000, offset=11, after=[0, 0, 0, 0, 0, 0], LSN=50000}
	at edu.berkeley.cs186.database.recovery.LogRecord.undo(LogRecord.java:146)
	at edu.berkeley.cs186.database.recovery.ARIESRecoveryManager.rollbackToSavepoint(ARIESRecoveryManager.java:436)
	at edu.berkeley.cs186.database.recovery.TestRecoveryManager.testNestedRollback(TestRecoveryManager.java:1441)
	at sun.reflect.NativeMethodAccessorImpl.invoke0(Native Method)
	at sun.reflect.NativeMethodAccessorImpl.invoke(NativeMethodAccessorImpl.java:62)
	at sun.reflect.DelegatingMethodAccessorImpl.invoke(DelegatingMethodAccessorImpl.java:43)
	at java.lang.reflect.Method.invoke(Method.java:498)
	at org.junit.runners.model.FrameworkMethod$1.runReflectiveCall(FrameworkMethod.java:50)
	at org.junit.internal.runners.model.ReflectiveCallable.run(ReflectiveCallable.java:12)
	at org.junit.runners.model.FrameworkMethod.invokeExplosively(FrameworkMethod.java:47)
	at org.junit.internal.runners.statements.InvokeMethod.evaluate(InvokeMethod.java:17)
	at org.junit.internal.runners.statements.RunBefores.evaluate(RunBefores.java:26)
	at org.junit.internal.runners.statements.RunAfters.evaluate(RunAfters.java:27)
	at org.junit.internal.runners.statements.FailOnTimeout$CallableStatement.call(FailOnTimeout.java:298)
	at org.junit.internal.runners.statements.FailOnTimeout$CallableStatement.call(FailOnTimeout.java:292)
	at java.util.concurrent.FutureTask.run(FutureTask.java:266)
	at java.lang.Thread.run(Thread.java:748)
</error>
  </testcase>
  <testcase name="testTwoPartLogPageWrite" classname="edu.berkeley.cs186.database.recovery.TestRecoveryManager" time="0.034"/>
  <testcase name="testRestart" classname="edu.berkeley.cs186.database.recovery.TestRecoveryManager" time="0.04">
    <error type="java.util.NoSuchElementException">java.util.NoSuchElementException
	at edu.berkeley.cs186.database.common.iterator.IndexBacktrackingIterator.next(IndexBacktrackingIterator.java:45)
	at edu.berkeley.cs186.database.common.iterator.ConcatBacktrackingIterator.next(ConcatBacktrackingIterator.java:42)
	at edu.berkeley.cs186.database.recovery.TestRecoveryManager.testRestart(TestRecoveryManager.java:672)
	at sun.reflect.NativeMethodAccessorImpl.invoke0(Native Method)
	at sun.reflect.NativeMethodAccessorImpl.invoke(NativeMethodAccessorImpl.java:62)
	at sun.reflect.DelegatingMethodAccessorImpl.invoke(DelegatingMethodAccessorImpl.java:43)
	at java.lang.reflect.Method.invoke(Method.java:498)
	at org.junit.runners.model.FrameworkMethod$1.runReflectiveCall(FrameworkMethod.java:50)
	at org.junit.internal.runners.model.ReflectiveCallable.run(ReflectiveCallable.java:12)
	at org.junit.runners.model.FrameworkMethod.invokeExplosively(FrameworkMethod.java:47)
	at org.junit.internal.runners.statements.InvokeMethod.evaluate(InvokeMethod.java:17)
	at org.junit.internal.runners.statements.RunBefores.evaluate(RunBefores.java:26)
	at org.junit.internal.runners.statements.RunAfters.evaluate(RunAfters.java:27)
	at org.junit.internal.runners.statements.FailOnTimeout$CallableStatement.call(FailOnTimeout.java:298)
	at org.junit.internal.runners.statements.FailOnTimeout$CallableStatement.call(FailOnTimeout.java:292)
	at java.util.concurrent.FutureTask.run(FutureTask.java:266)
	at java.lang.Thread.run(Thread.java:748)
</error>
  </testcase>
  <testcase name="testSimpleRestart" classname="edu.berkeley.cs186.database.recovery.TestRecoveryManager" time="0.05">
    <failure message="LogRecord#redo() not called enough times" type="junit.framework.AssertionFailedError">junit.framework.AssertionFailedError: LogRecord#redo() not called enough times
	at junit.framework.Assert.fail(Assert.java:57)
	at junit.framework.Assert.assertTrue(Assert.java:22)
	at junit.framework.TestCase.assertTrue(TestCase.java:192)
	at edu.berkeley.cs186.database.recovery.TestRecoveryManager.finishRedoChecks(TestRecoveryManager.java:1489)
	at edu.berkeley.cs186.database.recovery.TestRecoveryManager.testSimpleRestart(TestRecoveryManager.java:602)
	at sun.reflect.NativeMethodAccessorImpl.invoke0(Native Method)
	at sun.reflect.NativeMethodAccessorImpl.invoke(NativeMethodAccessorImpl.java:62)
	at sun.reflect.DelegatingMethodAccessorImpl.invoke(DelegatingMethodAccessorImpl.java:43)
	at java.lang.reflect.Method.invoke(Method.java:498)
	at org.junit.runners.model.FrameworkMethod$1.runReflectiveCall(FrameworkMethod.java:50)
	at org.junit.internal.runners.model.ReflectiveCallable.run(ReflectiveCallable.java:12)
	at org.junit.runners.model.FrameworkMethod.invokeExplosively(FrameworkMethod.java:47)
	at org.junit.internal.runners.statements.InvokeMethod.evaluate(InvokeMethod.java:17)
	at org.junit.internal.runners.statements.RunBefores.evaluate(RunBefores.java:26)
	at org.junit.internal.runners.statements.RunAfters.evaluate(RunAfters.java:27)
	at org.junit.internal.runners.statements.FailOnTimeout$CallableStatement.call(FailOnTimeout.java:298)
	at org.junit.internal.runners.statements.FailOnTimeout$CallableStatement.call(FailOnTimeout.java:292)
	at java.util.concurrent.FutureTask.run(FutureTask.java:266)
	at java.lang.Thread.run(Thread.java:748)
</failure>
  </testcase>
  <testcase name="testRestartCleanup1" classname="edu.berkeley.cs186.database.recovery.TestRecoveryManager" time="0.038">
    <failure message="expected:&lt;{10000000002=64}&gt; but was:&lt;{}&gt;" type="java.lang.AssertionError"><![CDATA[java.lang.AssertionError: expected:<{10000000002=64}> but was:<{}>
	at org.junit.Assert.fail(Assert.java:88)
	at org.junit.Assert.failNotEquals(Assert.java:834)
	at org.junit.Assert.assertEquals(Assert.java:118)
	at org.junit.Assert.assertEquals(Assert.java:144)
	at edu.berkeley.cs186.database.recovery.TestRecoveryManager.testRestartCleanup1(TestRecoveryManager.java:1096)
	at sun.reflect.NativeMethodAccessorImpl.invoke0(Native Method)
	at sun.reflect.NativeMethodAccessorImpl.invoke(NativeMethodAccessorImpl.java:62)
	at sun.reflect.DelegatingMethodAccessorImpl.invoke(DelegatingMethodAccessorImpl.java:43)
	at java.lang.reflect.Method.invoke(Method.java:498)
	at org.junit.runners.model.FrameworkMethod$1.runReflectiveCall(FrameworkMethod.java:50)
	at org.junit.internal.runners.model.ReflectiveCallable.run(ReflectiveCallable.java:12)
	at org.junit.runners.model.FrameworkMethod.invokeExplosively(FrameworkMethod.java:47)
	at org.junit.internal.runners.statements.InvokeMethod.evaluate(InvokeMethod.java:17)
	at org.junit.internal.runners.statements.RunBefores.evaluate(RunBefores.java:26)
	at org.junit.internal.runners.statements.RunAfters.evaluate(RunAfters.java:27)
	at org.junit.internal.runners.statements.FailOnTimeout$CallableStatement.call(FailOnTimeout.java:298)
	at org.junit.internal.runners.statements.FailOnTimeout$CallableStatement.call(FailOnTimeout.java:292)
	at java.util.concurrent.FutureTask.run(FutureTask.java:266)
	at java.lang.Thread.run(Thread.java:748)
]]></failure>
  </testcase>
</testsuite>