<?xml version="1.0" encoding="UTF-8"?>
<testsuite xmlns:xsi="http://www.w3.org/2001/XMLSchema-instance" xsi:noNamespaceSchemaLocation="https://maven.apache.org/surefire/maven-surefire-plugin/xsd/surefire-test-report.xsd" name="edu.berkeley.cs186.database.recovery.TestARIESStudent" time="0.225" tests="7" errors="0" skipped="0" failures="0">
  <properties>
[...]
</properties>
  <testcase name="anotherTestCase" classname="edu.berkeley.cs186.database.recovery.TestARIESStudent" time="0.019"/>
  <testcase name="testCase" classname="edu.berkeley.cs186.database.recovery.TestARIESStudent" time="0.028"/>
  <testcase name="testStudentAnalysis" classname="edu.berkeley.cs186.database.recovery.TestARIESStudent" time="0.042"/>
  <testcase name="yetAnotherTestCase" classname="edu.berkeley.cs186.database.recovery.TestARIESStudent" time="0.025"/>
  <testcase name="testStudentIntegration" classname="edu.berkeley.cs186.database.recovery.TestARIESStudent" time="0.031"/>
  <testcase name="testStudentRedo" classname="edu.berkeley.cs186.database.recovery.TestARIESStudent" time="0.031"/>
  <testcase name="testStudentUndo" classname="edu.berkeley.cs186.database.recovery.TestARIESStudent" time="0.044"/>
</testsuite>